<?xml version="1.0" encoding="UTF-8"?>
<testng-results ignored="0" total="8" passed="8" failed="0" skipped="0">
  <reporter-output>
  </reporter-output>
  <suite started-at="2019-11-21T05:44:52Z" name="Xcelarator Tests" finished-at="2019-11-21T05:45:24Z" duration-ms="31664">
    <groups>
    </groups>
    <test started-at="2019-11-21T05:44:52Z" name="Connection test" finished-at="2019-11-21T05:45:00Z" duration-ms="7917">
      <class name="tests.TestConnection">
        <test-method is-config="true" signature="setUp()[pri:0, instance:tests.TestConnection@3fc9dfc5]" started-at="2019-11-21T05:44:52Z" name="setUp" finished-at="2019-11-21T05:44:53Z" duration-ms="993" status="PASS">
          <reporter-output>
          </reporter-output>
        </test-method> <!-- setUp -->
        <test-method signature="testconnection(java.lang.String, java.lang.String, java.lang.String, java.lang.String, java.lang.String, java.lang.String, java.lang.String)[pri:0, instance:tests.TestConnection@3fc9dfc5]" started-at="2019-11-21T05:44:53Z" name="testconnection" data-provider="Readconfigdata" finished-at="2019-11-21T05:44:54Z" duration-ms="685" status="PASS">
          <params>
            <param index="0">
              <value>
                <![CDATA[localhost]]>
              </value>
            </param>
            <param index="1">
              <value>
                <![CDATA[8887]]>
              </value>
            </param>
            <param index="2">
              <value>
                <![CDATA[/1234]]>
              </value>
            </param>
            <param index="3">
              <value>
                <![CDATA[No]]>
              </value>
            </param>
            <param index="4">
              <value>
                <![CDATA[]]>
              </value>
            </param>
            <param index="5">
              <value>
                <![CDATA[]]>
              </value>
            </param>
            <param index="6">
              <value>
                <![CDATA[SKIP]]>
              </value>
            </param>
          </params>
          <reporter-output>
          </reporter-output>
        </test-method> <!-- testconnection -->
        <test-method signature="testconnection(java.lang.String, java.lang.String, java.lang.String, java.lang.String, java.lang.String, java.lang.String, java.lang.String)[pri:0, instance:tests.TestConnection@3fc9dfc5]" started-at="2019-11-21T05:44:54Z" name="testconnection" data-provider="Readconfigdata" finished-at="2019-11-21T05:44:59Z" duration-ms="5760" status="PASS">
          <params>
            <param index="0">
              <value>
                <![CDATA[localhost]]>
              </value>
            </param>
            <param index="1">
              <value>
                <![CDATA[8887]]>
              </value>
            </param>
            <param index="2">
              <value>
                <![CDATA[/1234]]>
              </value>
            </param>
            <param index="3">
              <value>
                <![CDATA[yes]]>
              </value>
            </param>
            <param index="4">
              <value>
                <![CDATA[Connection Opened Successfully]]>
              </value>
            </param>
            <param index="5">
              <value>
                <![CDATA[Connection Opened Successfully]]>
              </value>
            </param>
            <param index="6">
              <value>
                <![CDATA[PASS]]>
              </value>
            </param>
          </params>
          <reporter-output>
          </reporter-output>
        </test-method> <!-- testconnection -->
        <test-method signature="testconnection(java.lang.String, java.lang.String, java.lang.String, java.lang.String, java.lang.String, java.lang.String, java.lang.String)[pri:0, instance:tests.TestConnection@3fc9dfc5]" started-at="2019-11-21T05:44:59Z" name="testconnection" data-provider="Readconfigdata" finished-at="2019-11-21T05:45:00Z" duration-ms="217" status="PASS">
          <params>
            <param index="0">
              <value>
                <![CDATA[localhost]]>
              </value>
            </param>
            <param index="1">
              <value>
                <![CDATA[1223]]>
              </value>
            </param>
            <param index="2">
              <value>
                <![CDATA[/1234]]>
              </value>
            </param>
            <param index="3">
              <value>
                <![CDATA[No]]>
              </value>
            </param>
            <param index="4">
              <value>
                <![CDATA[test]]>
              </value>
            </param>
            <param index="5">
              <value>
                <![CDATA[Connection request Rejected]]>
              </value>
            </param>
            <param index="6">
              <value>
                <![CDATA[SKIP]]>
              </value>
            </param>
          </params>
          <reporter-output>
          </reporter-output>
        </test-method> <!-- testconnection -->
        <test-method is-config="true" signature="tearDown()[pri:0, instance:tests.TestConnection@3fc9dfc5]" started-at="2019-11-21T05:45:00Z" name="tearDown" finished-at="2019-11-21T05:45:00Z" duration-ms="158" status="PASS">
          <reporter-output>
          </reporter-output>
        </test-method> <!-- tearDown -->
      </class> <!-- tests.TestConnection -->
    </test> <!-- Connection test -->
    <test started-at="2019-11-21T05:45:00Z" name="Boot Notification" finished-at="2019-11-21T05:45:09Z" duration-ms="8898">
      <class name="tests.TestBootNotification">
        <test-method is-config="true" signature="setUp()[pri:0, instance:tests.TestBootNotification@2488b073]" started-at="2019-11-21T05:45:00Z" name="setUp" finished-at="2019-11-21T05:45:00Z" duration-ms="82" status="PASS">
          <reporter-output>
          </reporter-output>
        </test-method> <!-- setUp -->
        <test-method signature="testconnection(java.lang.String, java.lang.String, java.lang.String, java.lang.String, java.lang.String, java.lang.String)[pri:0, instance:tests.TestBootNotification@2488b073]" started-at="2019-11-21T05:45:00Z" name="testconnection" data-provider="Bootnotification" finished-at="2019-11-21T05:45:09Z" duration-ms="8534" status="PASS">
          <params>
            <param index="0">
              <value>
                <![CDATA[[
  2,
  "766590",
  "BootNotification",
  {
    "chargePointVendor": "Greenlots",
    "chargePointModel": "VirtualCP",
    "chargePointSerialNumber": "1234",
    "chargeBoxSerialNumber": "1234",
    "firmwareVersion": "v101alpha",
    "iccid": "iccid",
    "imsi": "imsi",
    "meterType": "Increasing",
    "meterSerialNumber": "B7A4CA2E"
  }
]]]>
              </value>
            </param>
            <param index="1">
              <value>
                <![CDATA[{"currentTime":"2019-11-21T05:42:29Z","interval":20,"status":"Accepted"}]]>
              </value>
            </param>
            <param index="2">
              <value>
                <![CDATA[Yes]]>
              </value>
            </param>
            <param index="3">
              <value>
                <![CDATA[Accepted]]>
              </value>
            </param>
            <param index="4">
              <value>
                <![CDATA[Accepted]]>
              </value>
            </param>
            <param index="5">
              <value>
                <![CDATA[PASS]]>
              </value>
            </param>
          </params>
          <reporter-output>
          </reporter-output>
        </test-method> <!-- testconnection -->
        <test-method signature="testconnection(java.lang.String, java.lang.String, java.lang.String, java.lang.String, java.lang.String, java.lang.String)[pri:0, instance:tests.TestBootNotification@2488b073]" started-at="2019-11-21T05:45:09Z" name="testconnection" data-provider="Bootnotification" finished-at="2019-11-21T05:45:09Z" duration-ms="86" status="PASS">
          <params>
            <param index="0">
              <value>
                <![CDATA[[
  2,
  "766590",
  "BootNotification",
  {
    "chargePointVendor": "Greenlots",
    "chargePointModel": "VirtualCP",
    "chargePointSerialNumber": "121321331",
    "chargeBoxSerialNumber": "1234",
    "firmwareVersion": "v101alpha",
    "iccid": "iccid",
    "imsi": "imsi",
    "meterType": "Increasing",
    "meterSerialNumber": "B7A4CA2E"
  }
]]]>
              </value>
            </param>
            <param index="1">
              <value>
                <![CDATA[{"currentTime":"2019-11-20T05:51:31Z","interval":20,"status":"Accepted"}]]>
              </value>
            </param>
            <param index="2">
              <value>
                <![CDATA[No]]>
              </value>
            </param>
            <param index="3">
              <value>
                <![CDATA[Rejected]]>
              </value>
            </param>
            <param index="4">
              <value>
                <![CDATA[Accepted]]>
              </value>
            </param>
            <param index="5">
              <value>
                <![CDATA[SKIP]]>
              </value>
            </param>
          </params>
          <reporter-output>
          </reporter-output>
        </test-method> <!-- testconnection -->
        <test-method signature="testconnection(java.lang.String, java.lang.String, java.lang.String, java.lang.String, java.lang.String, java.lang.String)[pri:0, instance:tests.TestBootNotification@2488b073]" started-at="2019-11-21T05:45:09Z" name="testconnection" data-provider="Bootnotification" finished-at="2019-11-21T05:45:09Z" duration-ms="97" status="PASS">
          <params>
            <param index="0">
              <value>
                <![CDATA[[
  2,
  "766590",
  "BootNotification",
  {
    "chargePointVendor": "Greenlots",
    "chargePointModel": "VirtualCP",
    "chargePointSerialNumber": "121321331",
    "chargeBoxSerialNumber": "121211",
    "firmwareVersion": "v101alpha",
    "iccid": "iccid",
    "imsi": "imsi",
    "meterType": "Increasing",
    "meterSerialNumber": "B7A4CA2E"
  }
]]]>
              </value>
            </param>
            <param index="1">
              <value>
                <![CDATA[{"currentTime":"2019-11-20T05:51:39Z","interval":20,"status":"Accepted"}]]>
              </value>
            </param>
            <param index="2">
              <value>
                <![CDATA[No]]>
              </value>
            </param>
            <param index="3">
              <value>
                <![CDATA[Rejected]]>
              </value>
            </param>
            <param index="4">
              <value>
                <![CDATA[Accepted]]>
              </value>
            </param>
            <param index="5">
              <value>
                <![CDATA[SKIP]]>
              </value>
            </param>
          </params>
          <reporter-output>
          </reporter-output>
        </test-method> <!-- testconnection -->
        <test-method is-config="true" signature="tearDown()[pri:0, instance:tests.TestBootNotification@2488b073]" started-at="2019-11-21T05:45:09Z" name="tearDown" finished-at="2019-11-21T05:45:09Z" duration-ms="78" status="PASS">
          <reporter-output>
          </reporter-output>
        </test-method> <!-- tearDown -->
      </class> <!-- tests.TestBootNotification -->
    </test> <!-- Boot Notification -->
    <test started-at="2019-11-21T05:45:09Z" name="Start Transaction" finished-at="2019-11-21T05:45:16Z" duration-ms="7258">
      <class name="tests.StartTransaction">
        <test-method is-config="true" signature="setUp()[pri:0, instance:tests.StartTransaction@3f28bd56]" started-at="2019-11-21T05:45:09Z" name="setUp" finished-at="2019-11-21T05:45:09Z" duration-ms="39" status="PASS">
          <reporter-output>
          </reporter-output>
        </test-method> <!-- setUp -->
        <test-method signature="testconnection(java.lang.String, java.lang.String, java.lang.String, java.lang.String, java.lang.String, java.lang.String)[pri:0, instance:tests.StartTransaction@3f28bd56]" started-at="2019-11-21T05:45:09Z" name="testconnection" data-provider="Starttrans" finished-at="2019-11-21T05:45:16Z" duration-ms="7158" status="PASS">
          <params>
            <param index="0">
              <value>
                <![CDATA[[
  2,
  "867508",
  "StartTransaction",
  {
    "connectorId": 1,
    "idTag": "123456",
    "meterStart": 1000,
    "timestamp": "2019-11-20T08:50:37.000Z"
  }
]]]>
              </value>
            </param>
            <param index="1">
              <value>
                <![CDATA[{"authorizedUserId":2,"idTagInfo":{"expiryDate":"2019-12-21T11:06:02Z","status":"Accepted"},"transactionId":43}]]>
              </value>
            </param>
            <param index="2">
              <value>
                <![CDATA[Yes]]>
              </value>
            </param>
            <param index="3">
              <value>
                <![CDATA[Accepted]]>
              </value>
            </param>
            <param index="4">
              <value>
                <![CDATA[Accepted]]>
              </value>
            </param>
            <param index="5">
              <value>
                <![CDATA[PASS]]>
              </value>
            </param>
          </params>
          <reporter-output>
          </reporter-output>
        </test-method> <!-- testconnection -->
        <test-method is-config="true" signature="tearDown()[pri:0, instance:tests.StartTransaction@3f28bd56]" started-at="2019-11-21T05:45:16Z" name="tearDown" finished-at="2019-11-21T05:45:16Z" duration-ms="56" status="PASS">
          <reporter-output>
          </reporter-output>
        </test-method> <!-- tearDown -->
      </class> <!-- tests.StartTransaction -->
    </test> <!-- Start Transaction -->
    <test started-at="2019-11-21T05:45:16Z" name="Stop Transaction" finished-at="2019-11-21T05:45:24Z" duration-ms="7429">
      <class name="tests.StopTransaction">
        <test-method is-config="true" signature="setUp()[pri:0, instance:tests.StopTransaction@24fb6a80]" started-at="2019-11-21T05:45:16Z" name="setUp" finished-at="2019-11-21T05:45:16Z" duration-ms="32" status="PASS">
          <reporter-output>
          </reporter-output>
        </test-method> <!-- setUp -->
        <test-method signature="testconnection(java.lang.String, java.lang.String, java.lang.String, java.lang.String, java.lang.String, java.lang.String, java.lang.String, java.lang.String, java.lang.String)[pri:0, instance:tests.StopTransaction@24fb6a80]" started-at="2019-11-21T05:45:16Z" name="testconnection" data-provider="Stoptrans" finished-at="2019-11-21T05:45:23Z" duration-ms="7338" status="PASS">
          <params>
            <param index="0">
              <value>
                <![CDATA[123456]]>
              </value>
            </param>
            <param index="1">
              <value>
                <![CDATA[2000]]>
              </value>
            </param>
            <param index="2">
              <value>
                <![CDATA[2015-06-30T09:50:37.000Z]]>
              </value>
            </param>
            <param index="3">
              <value>
                <![CDATA[EmergenceyStop]]>
              </value>
            </param>
            <param index="4">
              <value>
                <![CDATA[{"idTagInfo":{"expiryDate":"2019-12-21T11:06:02Z","status":"Accepted"}}]]>
              </value>
            </param>
            <param index="5">
              <value>
                <![CDATA[Yes]]>
              </value>
            </param>
            <param index="6">
              <value>
                <![CDATA[Accepted]]>
              </value>
            </param>
            <param index="7">
              <value>
                <![CDATA[]]>
              </value>
            </param>
            <param index="8">
              <value>
                <![CDATA[]]>
              </value>
            </param>
          </params>
          <reporter-output>
          </reporter-output>
        </test-method> <!-- testconnection -->
        <test-method is-config="true" signature="tearDown()[pri:0, instance:tests.StopTransaction@24fb6a80]" started-at="2019-11-21T05:45:23Z" name="tearDown" finished-at="2019-11-21T05:45:24Z" duration-ms="58" status="PASS">
          <reporter-output>
          </reporter-output>
        </test-method> <!-- tearDown -->
      </class> <!-- tests.StopTransaction -->
    </test> <!-- Stop Transaction -->
  </suite> <!-- Xcelarator Tests -->
</testng-results>
