<?xml version="1.0" encoding="UTF-8"?>
<!-- Generated by org.testng.reporters.JUnitXMLReporter -->
<testsuite ignored="0" hostname="LT01680" failures="0" tests="3" name="Boot Notification" time="8.898" errors="0" timestamp="21 Nov 2019 05:45:09 GMT">
  <testcase classname="tests.TestBootNotification" name="testconnection" time="8.534"/>
  <testcase classname="tests.TestBootNotification" name="testconnection" time="0.086"/>
  <testcase classname="tests.TestBootNotification" name="testconnection" time="0.097"/>
</testsuite> <!-- Boot Notification -->
