<?xml version="1.0" encoding="UTF-8"?>
<!-- Generated by org.testng.reporters.JUnitXMLReporter -->
<testsuite ignored="0" hostname="LT01680" failures="0" tests="3" name="Connection test" time="7.917" errors="0" timestamp="21 Nov 2019 05:45:00 GMT">
  <testcase classname="tests.TestConnection" name="testconnection" time="0.685"/>
  <testcase classname="tests.TestConnection" name="testconnection" time="5.76"/>
  <testcase classname="tests.TestConnection" name="testconnection" time="0.217"/>
</testsuite> <!-- Connection test -->
