<?xml version="1.0" encoding="UTF-8"?>
<!-- Generated by org.testng.reporters.JUnitXMLReporter -->
<testsuite ignored="0" hostname="LT01680" failures="0" tests="3" name="Connection test" time="7.095" errors="0" timestamp="20 Nov 2019 07:57:13 GMT">
  <testcase classname="tests.TestConnection" name="testconnection" time="0.43"/>
  <testcase classname="tests.TestConnection" name="testconnection" time="5.428"/>
  <testcase classname="tests.TestConnection" name="testconnection" time="0.153"/>
</testsuite> <!-- Connection test -->
