<?xml version="1.0" encoding="UTF-8"?>
<!-- Generated by org.testng.reporters.JUnitXMLReporter -->
<testsuite ignored="0" hostname="LT01680" failures="0" tests="3" name="Start Transaction" time="9.276" errors="0" timestamp="20 Nov 2019 07:57:22 GMT">
  <testcase classname="tests.TestBootNotification" name="testconnection" time="8.867"/>
  <testcase classname="tests.TestBootNotification" name="testconnection" time="0.082"/>
  <testcase classname="tests.TestBootNotification" name="testconnection" time="0.111"/>
</testsuite> <!-- Start Transaction -->
